build/app/outputs/mapping/release/mapping.txt
# compiler: R8
# compiler_version: 1.5.64
# min_api: 16
# pg_map_id: 79508e7
...
io.flutter.plugin.common.JSONMethodCodec -> c.a.c.a.e:
    io.flutter.plugin.common.JSONMethodCodec INSTANCE -> a
    io.flutter.plugin.common.MethodCall decodeMethodCall(java.nio.ByteBuffer) -> a
    java.nio.ByteBuffer encodeErrorEnvelope(java.lang.String,java.lang.String,java.lang.Object) -> a
    java.nio.ByteBuffer encodeErrorEnvelopeWithStacktrace(java.lang.String,java.lang.String,java.lang.Object,java.lang.String) -> a
    java.nio.ByteBuffer encodeMethodCall(io.flutter.plugin.common.MethodCall) -> a
    java.nio.ByteBuffer encodeSuccessEnvelope(java.lang.Object) -> a
    java.lang.Object decodeEnvelope(java.nio.ByteBuffer) -> b
    java.lang.Object unwrapNull(java.lang.Object) -> b
io.flutter.plugin.common.JSONUtil -> c.a.c.a.f:
    java.lang.Object wrap(java.lang.Object) -> a
io.flutter.plugin.common.MessageCodec -> c.a.c.a.g:
    java.lang.Object decodeMessage(java.nio.ByteBuffer) -> a
    java.nio.ByteBuffer encodeMessage(java.lang.Object) -> a
io.flutter.plugin.common.MethodCall -> c.a.c.a.h:
    java.lang.Object arguments -> b
    java.lang.String method -> a
    java.lang.Object argument(java.lang.String) -> a
    java.lang.Object arguments() -> a
io.flutter.plugin.common.MethodChannel -> c.a.c.a.i:
    io.flutter.plugin.common.MethodCodec codec -> c
    io.flutter.plugin.common.BinaryMessenger messenger -> a
    java.lang.String name -> b
    io.flutter.plugin.common.MethodCodec access$000(io.flutter.plugin.common.MethodChannel) -> a
    void invokeMethod(java.lang.String,java.lang.Object) -> a
    void invokeMethod(java.lang.String,java.lang.Object,io.flutter.plugin.common.MethodChannel$Result) -> a
    void setMethodCallHandler(io.flutter.plugin.common.MethodChannel$MethodCallHandler) -> a
    java.lang.String access$100(io.flutter.plugin.common.MethodChannel) -> b
io.flutter.plugin.common.MethodChannel$IncomingMethodCallHandler -> c.a.c.a.i$a:
    io.flutter.plugin.common.MethodChannel$MethodCallHandler handler -> a
    io.flutter.plugin.common.MethodChannel this$0 -> b
    java.lang.String getStackTrace(java.lang.Exception) -> a
    void onMessage(java.nio.ByteBuffer,io.flutter.plugin.common.BinaryMessenger$BinaryReply) -> a
io.flutter.plugin.common.MethodChannel$IncomingMethodCallHandler$1 -> c.a.c.a.i$a$a:
    io.flutter.plugin.common.BinaryMessenger$BinaryReply val$reply -> a
    io.flutter.plugin.common.MethodChannel$IncomingMethodCallHandler this$1 -> b
    void error(java.lang.String,java.lang.String,java.lang.Object) -> a
    void notImplemented() -> a
    void success(java.lang.Object) -> a
io.flutter.plugin.common.MethodChannel$IncomingResultHandler -> c.a.c.a.i$b:
    io.flutter.plugin.common.MethodChannel$Result callback -> a
    io.flutter.plugin.common.MethodChannel this$0 -> b
    void reply(java.nio.ByteBuffer) -> a
io.flutter.plugin.common.MethodChannel$MethodCallHandler -> c.a.c.a.i$c:
    void onMethodCall(io.flutter.plugin.common.MethodCall,io.flutter.plugin.common.MethodChannel$Result) -> a
io.flutter.plugin.common.MethodChannel$Result -> c.a.c.a.i$d:
    void error(java.lang.String,java.lang.String,java.lang.Object) -> a
    void notImplemented() -> a
    void success(java.lang.Object) -> a
io.flutter.plugin.common.MethodCodec -> c.a.c.a.j:
    io.flutter.plugin.common.MethodCall decodeMethodCall(java.nio.ByteBuffer) -> a
    java.nio.ByteBuffer encodeErrorEnvelope(java.lang.String,java.lang.String,java.lang.Object) -> a
    java.nio.ByteBuffer encodeErrorEnvelopeWithStacktrace(java.lang.String,java.lang.String,java.lang.Object,java.lang.String) -> a
    java.nio.ByteBuffer encodeMethodCall(io.flutter.plugin.common.MethodCall) -> a
    java.nio.ByteBuffer encodeSuccessEnvelope(java.lang.Object) -> a
    java.lang.Object decodeEnvelope(java.nio.ByteBuffer) -> b
io.flutter.plugin.common.PluginRegistry$ActivityResultListener -> c.a.c.a.k:
    boolean onActivityResult(int,int,android.content.Intent) -> a